{"/Users/alcibiades/github/finanzas/src/scripts.js": {"path":"/Users/alcibiades/github/finanzas/src/scripts.js","statementMap":{"0":{"start":{"line":1,"column":22},"end":{"line":7,"column":1}},"1":{"start":{"line":2,"column":1},"end":{"line":6,"column":16}},"2":{"start":{"line":9,"column":27},"end":{"line":14,"column":1}},"3":{"start":{"line":10,"column":1},"end":{"line":13,"column":16}},"4":{"start":{"line":16,"column":29},"end":{"line":20,"column":1}},"5":{"start":{"line":17,"column":1},"end":{"line":19,"column":16}},"6":{"start":{"line":22,"column":21},"end":{"line":22,"column":58}}},"fnMap":{"0":{"name":"(anonymous_0)","decl":{"start":{"line":1,"column":22},"end":{"line":1,"column":23}},"loc":{"start":{"line":1,"column":35},"end":{"line":7,"column":1}},"line":1},"1":{"name":"(anonymous_1)","decl":{"start":{"line":9,"column":27},"end":{"line":9,"column":28}},"loc":{"start":{"line":9,"column":40},"end":{"line":14,"column":1}},"line":9},"2":{"name":"(anonymous_2)","decl":{"start":{"line":16,"column":29},"end":{"line":16,"column":30}},"loc":{"start":{"line":16,"column":42},"end":{"line":20,"column":1}},"line":16}},"branchMap":{"0":{"loc":{"start":{"line":1,"column":23},"end":{"line":1,"column":30}},"type":"default-arg","locations":[{"start":{"line":1,"column":29},"end":{"line":1,"column":30}}],"line":1},"1":{"loc":{"start":{"line":9,"column":28},"end":{"line":9,"column":35}},"type":"default-arg","locations":[{"start":{"line":9,"column":34},"end":{"line":9,"column":35}}],"line":9},"2":{"loc":{"start":{"line":16,"column":30},"end":{"line":16,"column":37}},"type":"default-arg","locations":[{"start":{"line":16,"column":36},"end":{"line":16,"column":37}}],"line":16}},"s":{"0":1,"1":2,"2":1,"3":2,"4":1,"5":2,"6":1},"f":{"0":2,"1":2,"2":2},"b":{"0":[1],"1":[1],"2":[1]},"_coverageSchema":"1a1c01bbd47fc00a2c39e90264f33305004495a9","hash":"871fa7f2495726b360c4b2a9ca6be99475f3f78b"}
,"/Users/alcibiades/github/finanzas/src/stores/data.js": {"path":"/Users/alcibiades/github/finanzas/src/stores/data.js","statementMap":{"0":{"start":{"line":4,"column":15},"end":{"line":9,"column":1}},"1":{"start":{"line":11,"column":19},"end":{"line":78,"column":1}},"2":{"start":{"line":12,"column":36},"end":{"line":12,"column":48}},"3":{"start":{"line":14,"column":18},"end":{"line":17,"column":2}},"4":{"start":{"line":15,"column":2},"end":{"line":15,"column":32}},"5":{"start":{"line":15,"column":20},"end":{"line":15,"column":29}},"6":{"start":{"line":16,"column":2},"end":{"line":16,"column":15}},"7":{"start":{"line":19,"column":13},"end":{"line":19,"column":71}},"8":{"start":{"line":19,"column":19},"end":{"line":19,"column":71}},"9":{"start":{"line":19,"column":33},"end":{"line":19,"column":70}},"10":{"start":{"line":20,"column":16},"end":{"line":20,"column":71}},"11":{"start":{"line":20,"column":24},"end":{"line":20,"column":71}},"12":{"start":{"line":20,"column":38},"end":{"line":20,"column":70}},"13":{"start":{"line":20,"column":56},"end":{"line":20,"column":69}},"14":{"start":{"line":22,"column":16},"end":{"line":25,"column":2}},"15":{"start":{"line":23,"column":2},"end":{"line":23,"column":64}},"16":{"start":{"line":23,"column":22},"end":{"line":23,"column":61}},"17":{"start":{"line":24,"column":2},"end":{"line":24,"column":13}},"18":{"start":{"line":27,"column":16},"end":{"line":34,"column":2}},"19":{"start":{"line":28,"column":2},"end":{"line":32,"column":4}},"20":{"start":{"line":29,"column":3},"end":{"line":31,"column":8}},"21":{"start":{"line":33,"column":2},"end":{"line":33,"column":13}},"22":{"start":{"line":36,"column":17},"end":{"line":42,"column":2}},"23":{"start":{"line":37,"column":2},"end":{"line":39,"column":4}},"24":{"start":{"line":38,"column":3},"end":{"line":38,"column":70}},"25":{"start":{"line":38,"column":26},"end":{"line":38,"column":68}},"26":{"start":{"line":40,"column":17},"end":{"line":40,"column":64}},"27":{"start":{"line":40,"column":51},"end":{"line":40,"column":60}},"28":{"start":{"line":41,"column":2},"end":{"line":41,"column":16}},"29":{"start":{"line":44,"column":17},"end":{"line":45,"column":49}},"30":{"start":{"line":45,"column":2},"end":{"line":45,"column":49}},"31":{"start":{"line":45,"column":29},"end":{"line":45,"column":45}},"32":{"start":{"line":47,"column":25},"end":{"line":54,"column":2}},"33":{"start":{"line":48,"column":2},"end":{"line":50,"column":4}},"34":{"start":{"line":49,"column":3},"end":{"line":49,"column":76}},"35":{"start":{"line":52,"column":15},"end":{"line":52,"column":60}},"36":{"start":{"line":52,"column":47},"end":{"line":52,"column":56}},"37":{"start":{"line":53,"column":2},"end":{"line":53,"column":16}},"38":{"start":{"line":56,"column":22},"end":{"line":63,"column":2}},"39":{"start":{"line":57,"column":17},"end":{"line":57,"column":55}},"40":{"start":{"line":57,"column":39},"end":{"line":57,"column":54}},"41":{"start":{"line":58,"column":17},"end":{"line":58,"column":71}},"42":{"start":{"line":58,"column":45},"end":{"line":58,"column":70}},"43":{"start":{"line":60,"column":2},"end":{"line":62,"column":4}},"44":{"start":{"line":61,"column":3},"end":{"line":61,"column":65}},"45":{"start":{"line":61,"column":19},"end":{"line":61,"column":63}},"46":{"start":{"line":65,"column":1},"end":{"line":77,"column":3}},"47":{"start":{"line":80,"column":13},"end":{"line":80,"column":25}},"48":{"start":{"line":82,"column":18},"end":{"line":84,"column":1}},"49":{"start":{"line":83,"column":1},"end":{"line":83,"column":14}}},"fnMap":{"0":{"name":"(anonymous_0)","decl":{"start":{"line":11,"column":19},"end":{"line":11,"column":20}},"loc":{"start":{"line":11,"column":25},"end":{"line":78,"column":1}},"line":11},"1":{"name":"(anonymous_1)","decl":{"start":{"line":14,"column":18},"end":{"line":14,"column":19}},"loc":{"start":{"line":14,"column":34},"end":{"line":17,"column":2}},"line":14},"2":{"name":"(anonymous_2)","decl":{"start":{"line":15,"column":12},"end":{"line":15,"column":13}},"loc":{"start":{"line":15,"column":20},"end":{"line":15,"column":29}},"line":15},"3":{"name":"(anonymous_3)","decl":{"start":{"line":19,"column":13},"end":{"line":19,"column":14}},"loc":{"start":{"line":19,"column":19},"end":{"line":19,"column":71}},"line":19},"4":{"name":"(anonymous_4)","decl":{"start":{"line":19,"column":26},"end":{"line":19,"column":27}},"loc":{"start":{"line":19,"column":33},"end":{"line":19,"column":70}},"line":19},"5":{"name":"(anonymous_5)","decl":{"start":{"line":20,"column":16},"end":{"line":20,"column":17}},"loc":{"start":{"line":20,"column":24},"end":{"line":20,"column":71}},"line":20},"6":{"name":"(anonymous_6)","decl":{"start":{"line":20,"column":31},"end":{"line":20,"column":32}},"loc":{"start":{"line":20,"column":38},"end":{"line":20,"column":70}},"line":20},"7":{"name":"(anonymous_7)","decl":{"start":{"line":20,"column":47},"end":{"line":20,"column":48}},"loc":{"start":{"line":20,"column":56},"end":{"line":20,"column":69}},"line":20},"8":{"name":"(anonymous_8)","decl":{"start":{"line":22,"column":16},"end":{"line":22,"column":17}},"loc":{"start":{"line":22,"column":56},"end":{"line":25,"column":2}},"line":22},"9":{"name":"(anonymous_9)","decl":{"start":{"line":23,"column":12},"end":{"line":23,"column":13}},"loc":{"start":{"line":23,"column":22},"end":{"line":23,"column":61}},"line":23},"10":{"name":"(anonymous_10)","decl":{"start":{"line":27,"column":16},"end":{"line":27,"column":17}},"loc":{"start":{"line":27,"column":59},"end":{"line":34,"column":2}},"line":27},"11":{"name":"(anonymous_11)","decl":{"start":{"line":28,"column":12},"end":{"line":28,"column":13}},"loc":{"start":{"line":29,"column":3},"end":{"line":31,"column":8}},"line":29},"12":{"name":"(anonymous_12)","decl":{"start":{"line":36,"column":17},"end":{"line":36,"column":18}},"loc":{"start":{"line":36,"column":60},"end":{"line":42,"column":2}},"line":36},"13":{"name":"(anonymous_13)","decl":{"start":{"line":37,"column":12},"end":{"line":37,"column":13}},"loc":{"start":{"line":38,"column":3},"end":{"line":38,"column":70}},"line":38},"14":{"name":"(anonymous_14)","decl":{"start":{"line":38,"column":18},"end":{"line":38,"column":19}},"loc":{"start":{"line":38,"column":26},"end":{"line":38,"column":68}},"line":38},"15":{"name":"(anonymous_15)","decl":{"start":{"line":40,"column":37},"end":{"line":40,"column":38}},"loc":{"start":{"line":40,"column":51},"end":{"line":40,"column":60}},"line":40},"16":{"name":"(anonymous_16)","decl":{"start":{"line":44,"column":17},"end":{"line":44,"column":18}},"loc":{"start":{"line":45,"column":2},"end":{"line":45,"column":49}},"line":45},"17":{"name":"(anonymous_17)","decl":{"start":{"line":45,"column":15},"end":{"line":45,"column":16}},"loc":{"start":{"line":45,"column":29},"end":{"line":45,"column":45}},"line":45},"18":{"name":"(anonymous_18)","decl":{"start":{"line":47,"column":25},"end":{"line":47,"column":26}},"loc":{"start":{"line":47,"column":66},"end":{"line":54,"column":2}},"line":47},"19":{"name":"(anonymous_19)","decl":{"start":{"line":48,"column":12},"end":{"line":48,"column":13}},"loc":{"start":{"line":49,"column":3},"end":{"line":49,"column":76}},"line":49},"20":{"name":"(anonymous_20)","decl":{"start":{"line":52,"column":33},"end":{"line":52,"column":34}},"loc":{"start":{"line":52,"column":47},"end":{"line":52,"column":56}},"line":52},"21":{"name":"(anonymous_21)","decl":{"start":{"line":56,"column":22},"end":{"line":56,"column":23}},"loc":{"start":{"line":56,"column":61},"end":{"line":63,"column":2}},"line":56},"22":{"name":"(anonymous_22)","decl":{"start":{"line":57,"column":28},"end":{"line":57,"column":29}},"loc":{"start":{"line":57,"column":39},"end":{"line":57,"column":54}},"line":57},"23":{"name":"(anonymous_23)","decl":{"start":{"line":58,"column":38},"end":{"line":58,"column":39}},"loc":{"start":{"line":58,"column":45},"end":{"line":58,"column":70}},"line":58},"24":{"name":"(anonymous_24)","decl":{"start":{"line":60,"column":9},"end":{"line":60,"column":10}},"loc":{"start":{"line":61,"column":3},"end":{"line":61,"column":65}},"line":61},"25":{"name":"(anonymous_25)","decl":{"start":{"line":61,"column":11},"end":{"line":61,"column":12}},"loc":{"start":{"line":61,"column":19},"end":{"line":61,"column":63}},"line":61},"26":{"name":"(anonymous_26)","decl":{"start":{"line":82,"column":18},"end":{"line":82,"column":19}},"loc":{"start":{"line":82,"column":24},"end":{"line":84,"column":1}},"line":82}},"branchMap":{"0":{"loc":{"start":{"line":14,"column":19},"end":{"line":14,"column":29}},"type":"default-arg","locations":[{"start":{"line":14,"column":27},"end":{"line":14,"column":29}}],"line":14},"1":{"loc":{"start":{"line":22,"column":33},"end":{"line":22,"column":51}},"type":"default-arg","locations":[{"start":{"line":22,"column":41},"end":{"line":22,"column":51}}],"line":22},"2":{"loc":{"start":{"line":23,"column":22},"end":{"line":23,"column":61}},"type":"cond-expr","locations":[{"start":{"line":23,"column":39},"end":{"line":23,"column":55}},{"start":{"line":23,"column":59},"end":{"line":23,"column":61}}],"line":23},"3":{"loc":{"start":{"line":27,"column":36},"end":{"line":27,"column":54}},"type":"default-arg","locations":[{"start":{"line":27,"column":44},"end":{"line":27,"column":54}}],"line":27},"4":{"loc":{"start":{"line":29,"column":3},"end":{"line":31,"column":8}},"type":"cond-expr","locations":[{"start":{"line":30,"column":7},"end":{"line":30,"column":75}},{"start":{"line":31,"column":6},"end":{"line":31,"column":8}}],"line":29},"5":{"loc":{"start":{"line":36,"column":18},"end":{"line":36,"column":36}},"type":"default-arg","locations":[{"start":{"line":36,"column":26},"end":{"line":36,"column":36}}],"line":36},"6":{"loc":{"start":{"line":36,"column":38},"end":{"line":36,"column":55}},"type":"default-arg","locations":[{"start":{"line":36,"column":53},"end":{"line":36,"column":55}}],"line":36},"7":{"loc":{"start":{"line":44,"column":18},"end":{"line":44,"column":36}},"type":"default-arg","locations":[{"start":{"line":44,"column":26},"end":{"line":44,"column":36}}],"line":44},"8":{"loc":{"start":{"line":47,"column":26},"end":{"line":47,"column":44}},"type":"default-arg","locations":[{"start":{"line":47,"column":34},"end":{"line":47,"column":44}}],"line":47},"9":{"loc":{"start":{"line":47,"column":46},"end":{"line":47,"column":61}},"type":"default-arg","locations":[{"start":{"line":47,"column":59},"end":{"line":47,"column":61}}],"line":47},"10":{"loc":{"start":{"line":49,"column":3},"end":{"line":49,"column":76}},"type":"cond-expr","locations":[{"start":{"line":49,"column":30},"end":{"line":49,"column":70}},{"start":{"line":49,"column":74},"end":{"line":49,"column":76}}],"line":49},"11":{"loc":{"start":{"line":56,"column":38},"end":{"line":56,"column":56}},"type":"default-arg","locations":[{"start":{"line":56,"column":46},"end":{"line":56,"column":56}}],"line":56},"12":{"loc":{"start":{"line":61,"column":19},"end":{"line":61,"column":63}},"type":"cond-expr","locations":[{"start":{"line":61,"column":33},"end":{"line":61,"column":59}},{"start":{"line":61,"column":62},"end":{"line":61,"column":63}}],"line":61}},"s":{"0":1,"1":1,"2":1,"3":1,"4":27,"5":680,"6":27,"7":1,"8":24,"9":24,"10":1,"11":1,"12":1,"13":1,"14":1,"15":19,"16":91,"17":19,"18":1,"19":4,"20":4,"21":4,"22":1,"23":1,"24":1,"25":2,"26":1,"27":2,"28":1,"29":1,"30":1,"31":9,"32":1,"33":1,"34":9,"35":1,"36":9,"37":1,"38":1,"39":1,"40":1,"41":1,"42":1,"43":1,"44":1,"45":1,"46":1,"47":1,"48":1,"49":11},"f":{"0":1,"1":27,"2":680,"3":24,"4":24,"5":1,"6":1,"7":1,"8":19,"9":91,"10":4,"11":4,"12":1,"13":1,"14":2,"15":2,"16":1,"17":9,"18":1,"19":9,"20":9,"21":1,"22":1,"23":1,"24":1,"25":1,"26":11},"b":{"0":[27],"1":[19],"2":[19,72],"3":[4],"4":[4,0],"5":[1],"6":[1],"7":[1],"8":[1],"9":[1],"10":[9,0],"11":[1],"12":[1,0]},"_coverageSchema":"1a1c01bbd47fc00a2c39e90264f33305004495a9","hash":"c1e611f3b305175d3c2aab38c5a255346be8ce61"}
,"/Users/alcibiades/github/finanzas/src/stores/goal.js": {"path":"/Users/alcibiades/github/finanzas/src/stores/goal.js","statementMap":{"0":{"start":{"line":3,"column":13},"end":{"line":3,"column":23}},"1":{"start":{"line":5,"column":18},"end":{"line":5,"column":34}},"2":{"start":{"line":5,"column":24},"end":{"line":5,"column":34}}},"fnMap":{"0":{"name":"(anonymous_0)","decl":{"start":{"line":5,"column":18},"end":{"line":5,"column":19}},"loc":{"start":{"line":5,"column":24},"end":{"line":5,"column":34}},"line":5}},"branchMap":{},"s":{"0":1,"1":1,"2":1},"f":{"0":1},"b":{},"_coverageSchema":"1a1c01bbd47fc00a2c39e90264f33305004495a9","hash":"a5f904990746e0693e141774ed7c1b31ceeb08e0"}
,"/Users/alcibiades/github/finanzas/src/stores/user.js": {"path":"/Users/alcibiades/github/finanzas/src/stores/user.js","statementMap":{"0":{"start":{"line":3,"column":17},"end":{"line":8,"column":1}},"1":{"start":{"line":10,"column":13},"end":{"line":10,"column":31}},"2":{"start":{"line":12,"column":18},"end":{"line":12,"column":42}},"3":{"start":{"line":12,"column":24},"end":{"line":12,"column":42}}},"fnMap":{"0":{"name":"(anonymous_0)","decl":{"start":{"line":12,"column":18},"end":{"line":12,"column":19}},"loc":{"start":{"line":12,"column":24},"end":{"line":12,"column":42}},"line":12}},"branchMap":{},"s":{"0":1,"1":1,"2":1,"3":1},"f":{"0":1},"b":{},"_coverageSchema":"1a1c01bbd47fc00a2c39e90264f33305004495a9","hash":"8c5d5013a24b4bbe80f54308ab7095b47c347d31"}
}
