TN:
SF:src/scripts.js
FN:1,(anonymous_0)
FN:9,(anonymous_1)
FN:16,(anonymous_2)
FNF:3
FNH:3
FNDA:2,(anonymous_0)
FNDA:2,(anonymous_1)
FNDA:2,(anonymous_2)
DA:1,1
DA:2,2
DA:9,1
DA:10,2
DA:16,1
DA:17,2
DA:22,1
LF:7
LH:7
BRDA:1,0,0,1
BRDA:9,1,0,1
BRDA:16,2,0,1
BRF:3
BRH:3
end_of_record
TN:
SF:src/stores/data.js
FN:11,(anonymous_0)
FN:14,(anonymous_1)
FN:15,(anonymous_2)
FN:19,(anonymous_3)
FN:19,(anonymous_4)
FN:20,(anonymous_5)
FN:20,(anonymous_6)
FN:20,(anonymous_7)
FN:22,(anonymous_8)
FN:23,(anonymous_9)
FN:27,(anonymous_10)
FN:28,(anonymous_11)
FN:36,(anonymous_12)
FN:37,(anonymous_13)
FN:38,(anonymous_14)
FN:40,(anonymous_15)
FN:44,(anonymous_16)
FN:45,(anonymous_17)
FN:47,(anonymous_18)
FN:48,(anonymous_19)
FN:52,(anonymous_20)
FN:56,(anonymous_21)
FN:57,(anonymous_22)
FN:58,(anonymous_23)
FN:60,(anonymous_24)
FN:61,(anonymous_25)
FN:82,(anonymous_26)
FNF:27
FNH:27
FNDA:1,(anonymous_0)
FNDA:27,(anonymous_1)
FNDA:680,(anonymous_2)
FNDA:24,(anonymous_3)
FNDA:24,(anonymous_4)
FNDA:1,(anonymous_5)
FNDA:1,(anonymous_6)
FNDA:1,(anonymous_7)
FNDA:19,(anonymous_8)
FNDA:91,(anonymous_9)
FNDA:4,(anonymous_10)
FNDA:4,(anonymous_11)
FNDA:1,(anonymous_12)
FNDA:1,(anonymous_13)
FNDA:2,(anonymous_14)
FNDA:2,(anonymous_15)
FNDA:1,(anonymous_16)
FNDA:9,(anonymous_17)
FNDA:1,(anonymous_18)
FNDA:9,(anonymous_19)
FNDA:9,(anonymous_20)
FNDA:1,(anonymous_21)
FNDA:1,(anonymous_22)
FNDA:1,(anonymous_23)
FNDA:1,(anonymous_24)
FNDA:1,(anonymous_25)
FNDA:11,(anonymous_26)
DA:4,1
DA:11,1
DA:12,1
DA:14,1
DA:15,680
DA:16,27
DA:19,24
DA:20,1
DA:22,1
DA:23,91
DA:24,19
DA:27,1
DA:28,4
DA:29,4
DA:33,4
DA:36,1
DA:37,1
DA:38,2
DA:40,2
DA:41,1
DA:44,1
DA:45,9
DA:47,1
DA:48,1
DA:49,9
DA:52,9
DA:53,1
DA:56,1
DA:57,1
DA:58,1
DA:60,1
DA:61,1
DA:65,1
DA:80,1
DA:82,1
DA:83,11
LF:36
LH:36
BRDA:14,0,0,27
BRDA:22,1,0,19
BRDA:23,2,0,19
BRDA:23,2,1,72
BRDA:27,3,0,4
BRDA:29,4,0,4
BRDA:29,4,1,0
BRDA:36,5,0,1
BRDA:36,6,0,1
BRDA:44,7,0,1
BRDA:47,8,0,1
BRDA:47,9,0,1
BRDA:49,10,0,9
BRDA:49,10,1,0
BRDA:56,11,0,1
BRDA:61,12,0,1
BRDA:61,12,1,0
BRF:17
BRH:14
end_of_record
TN:
SF:src/stores/goal.js
FN:5,(anonymous_0)
FNF:1
FNH:1
FNDA:1,(anonymous_0)
DA:3,1
DA:5,1
LF:2
LH:2
BRF:0
BRH:0
end_of_record
TN:
SF:src/stores/user.js
FN:12,(anonymous_0)
FNF:1
FNH:1
FNDA:1,(anonymous_0)
DA:3,1
DA:10,1
DA:12,1
LF:3
LH:3
BRF:0
BRH:0
end_of_record
